
2018-04-25 00:12:06 - [INFO]: Logging setup for d:\workspace\RCScv\python\util\..\log\RCScv.log
2018-04-25 00:12:06 - [INFO]: RCScv: Beginning Main
2018-04-25 21:35:13 - [INFO]: Logging setup for d:\workspace\RCScv\python\util\..\log\RCScv.log
2018-04-25 21:35:39 - [INFO]: Logging setup for d:\workspace\RCScv\python\util\..\log\RCScv.log
2018-04-25 21:36:04 - [INFO]: Logging setup for d:\workspace\RCScv\python\util\..\log\RCScv.log
2018-04-25 21:38:27 - [INFO]: Logging setup for D:\workspace\RCScv\python\util\..\log\RCScv.log
2018-04-25 21:41:03 - [INFO]: Logging setup for D:\workspace\RCScv\python\util\..\log\RCScv.log
2018-04-25 21:41:19 - [INFO]: Logging setup for D:\workspace\RCScv\python\util\..\log\RCScv.log
2018-04-25 21:46:33 - [INFO]: Logging setup for D:\workspace\RCScv\python\util\..\log\RCScv.log
2018-04-25 21:52:46 - [INFO]: Logging setup for D:\workspace\RCScv\python\util\..\log\RCScv.log
2018-04-25 21:52:50 - [INFO]: Logging setup for D:\workspace\RCScv\python\util\..\log\RCScv.log
2018-04-25 21:53:52 - [INFO]: Logging setup for D:\workspace\RCScv\python\util\..\log\RCScv.log
2018-04-25 21:54:12 - [INFO]: Logging setup for D:\workspace\RCScv\python\util\..\log\RCScv.log
2018-04-25 21:54:12 - [INFO]: RCScv: Beginning Main
2018-04-25 21:54:23 - [INFO]: Logging setup for D:\workspace\RCScv\python\util\..\log\RCScv.log
2018-04-25 21:54:24 - [INFO]: RCScv: Beginning Main
2018-04-25 21:55:59 - [INFO]: Logging setup for D:\workspace\RCScv\python\util\..\log\RCScv.log
2018-04-25 21:55:59 - [INFO]: RCScv: Beginning Main
2018-04-25 21:56:23 - [INFO]: Logging setup for D:\workspace\RCScv\python\util\..\log\RCScv.log
2018-04-25 22:00:38 - [INFO]: Logging setup for D:\workspace\RCScv\python\util\..\log\RCScv.log
2018-04-25 22:02:37 - [INFO]: Logging setup for D:\workspace\RCScv\python\util\..\log\RCScv.log
2018-04-25 22:02:48 - [INFO]: Logging setup for D:\workspace\RCScv\python\util\..\log\RCScv.log
2018-04-25 22:03:06 - [INFO]: Logging setup for D:\workspace\RCScv\python\util\..\log\RCScv.log
2018-04-25 22:03:07 - [INFO]: RCScv: Beginning Main
2018-04-25 22:03:55 - [INFO]: Logging setup for D:\workspace\RCScv\python\util\..\log\RCScv.log
2018-04-25 22:04:06 - [INFO]: Logging setup for D:\workspace\RCScv\python\util\..\log\RCScv.log
2018-04-25 22:04:06 - [INFO]: RCScv: Beginning Main
2018-04-25 22:04:18 - [INFO]: Logging setup for D:\workspace\RCScv\python\util\..\log\RCScv.log
2018-04-25 22:04:18 - [INFO]: RCScv: Beginning Main
2018-04-25 22:04:24 - [INFO]: Logging setup for D:\workspace\RCScv\python\util\..\log\RCScv.log
2018-04-25 22:04:25 - [INFO]: RCScv: Beginning Main
2018-04-25 22:05:21 - [INFO]: Logging setup for d:\workspace\RCScv\python\util\..\log\RCScv.log
2018-04-25 22:05:29 - [INFO]: RCScv: Beginning Main
2018-04-25 22:05:54 - [INFO]: Logging setup for d:\workspace\RCScv\python\util\..\log\RCScv.log
2018-04-25 22:06:02 - [INFO]: RCScv: Beginning Main
2018-04-25 22:07:27 - [INFO]: Logging setup for d:\workspace\RCScv\python\util\..\log\RCScv.log
2018-04-25 22:07:27 - [INFO]: RCScv: Beginning Main
2018-04-25 22:07:42 - [INFO]: Logging setup for d:\workspace\RCScv\python\util\..\log\RCScv.log
2018-04-25 22:08:09 - [INFO]: Logging setup for d:\workspace\RCScv\python\util\..\log\RCScv.log
2018-04-25 22:08:09 - [INFO]: RCScv: Beginning Main
2018-04-25 22:08:42 - [INFO]: Logging setup for d:\workspace\RCScv\python\util\..\log\RCScv.log
2018-04-25 22:08:43 - [INFO]: RCScv: Beginning Main
2018-04-25 22:08:51 - [INFO]: loading image from path d:\workspace\RCScv\python\..\resources\Melee1.png
2018-04-25 22:08:57 - [INFO]: cropping cvimage to follcalcHist([img], [0], None, [256], [0, 256])owing specs [top 355, bottom 390, left 10, right 140]
2018-04-25 22:08:58 - [INFO]: showing cvimage preview
2018-04-25 22:09:11 - [INFO]: Logging setup for d:\workspace\RCScv\python\util\..\log\RCScv.log
2018-04-25 22:09:12 - [INFO]: RCScv: Beginning Main
2018-04-25 22:09:16 - [INFO]: loading image from path d:\workspace\RCScv\python\..\resources\Melee1.png
2018-04-25 22:09:16 - [INFO]: cropping cvimage to follcalcHist([img], [0], None, [256], [0, 256])owing specs [top 355, bottom 390, left 10, right 140]
2018-04-25 22:09:20 - [INFO]: showing cvimage preview
2018-04-25 22:25:44 - [INFO]: Logging setup for d:\workspace\RCScv\python\util\..\log\RCScv.log
2018-04-25 22:25:45 - [INFO]: RCScv: Beginning Main
2018-04-25 22:25:47 - [INFO]: loading image from path d:\workspace\RCScv\python\..\resources\Melee1.png
2018-04-25 22:25:47 - [INFO]: cropping cvimage to follcalcHist([img], [0], None, [256], [0, 256])owing specs [top 355, bottom 390, left 10, right 140]
2018-04-25 22:25:47 - [INFO]: showing cvimage preview
2018-04-25 22:26:05 - [INFO]: Logging setup for d:\workspace\RCScv\python\util\..\log\RCScv.log
2018-04-25 22:26:05 - [INFO]: RCScv: Beginning Main
2018-04-25 22:26:07 - [INFO]: loading image from path d:\workspace\RCScv\python\..\resources\Melee1.png
2018-04-25 22:26:07 - [INFO]: cropping cvimage to follcalcHist([img], [0], None, [256], [0, 256])owing specs [top 355, bottom 390, left 10, right 140]
2018-04-25 22:26:07 - [INFO]: showing cvimage preview
2018-04-25 22:28:38 - [INFO]: Logging setup for d:\workspace\RCScv\python\util\..\log\RCScv.log
2018-04-25 22:28:38 - [INFO]: RCScv: Beginning Main
2018-04-25 22:28:41 - [INFO]: loading image from path d:\workspace\RCScv\python\..\resources\Melee1.png
2018-04-25 22:28:41 - [INFO]: cropping cvimage to follcalcHist([img], [0], None, [256], [0, 256])owing specs [top 355, bottom 390, left 10, right 140]
2018-04-25 22:28:41 - [INFO]: applying greyscale to cvimage
2018-04-25 22:28:55 - [INFO]: Logging setup for d:\workspace\RCScv\python\util\..\log\RCScv.log
2018-04-25 22:28:56 - [INFO]: RCScv: Beginning Main
2018-04-25 22:28:58 - [INFO]: loading image from path d:\workspace\RCScv\python\..\resources\Melee1.png
2018-04-25 22:28:58 - [INFO]: cropping cvimage to follcalcHist([img], [0], None, [256], [0, 256])owing specs [top 355, bottom 390, left 10, right 140]
2018-04-25 22:28:58 - [INFO]: applying greyscale to cvimage
2018-04-25 22:28:58 - [INFO]: applying canny edge algorithm to cvimage
2018-04-25 22:28:58 - [INFO]: showing cvimage preview
2018-04-25 22:31:28 - [INFO]: Logging setup for d:\workspace\RCScv\python\util\..\log\RCScv.log
2018-04-25 22:31:29 - [INFO]: RCScv: Beginning Main
2018-04-25 22:31:32 - [INFO]: loading image from path d:\workspace\RCScv\python\..\resources\Melee1.png
2018-04-25 22:31:32 - [INFO]: cropping cvimage to follcalcHist([img], [0], None, [256], [0, 256])owing specs [top 355, bottom 390, left 10, right 140]
2018-04-25 22:31:32 - [INFO]: showing cvimage preview
2018-04-25 22:40:28 - [INFO]: Logging setup for d:\workspace\RCScv\python\util\..\log\RCScv.log
2018-04-25 22:40:28 - [INFO]: RCScv: Beginning Main
2018-04-25 22:40:28 - [INFO]: loading image from path ..\resources\Melee1.png
2018-04-25 22:40:28 - [INFO]: cropping cvimage to follcalcHist([img], [0], None, [256], [0, 256])owing specs [top 355, bottom 390, left 10, right 140]
2018-04-25 22:40:28 - [INFO]: applying greyscale to cvimage
2018-04-25 22:40:28 - [INFO]: applying canny edge algorithm to cvimage
2018-04-25 22:40:28 - [INFO]: showing cvimage preview
2018-04-25 22:40:30 - [INFO]: getting cvimage histogram
2018-04-25 22:44:36 - [INFO]: Logging setup for D:\workspace\RCScv\python\util\..\log\RCScv.log
2018-04-25 22:44:36 - [INFO]: RCScv: Beginning Main
2018-04-25 22:44:36 - [INFO]: loading image from path ..\resources\Melee1.png
2018-04-25 22:44:36 - [INFO]: cropping cvimage to follcalcHist([img], [0], None, [256], [0, 256])owing specs [top 355, bottom 390, left 10, right 140]
2018-04-25 22:44:36 - [INFO]: applying greyscale to cvimage
2018-04-25 22:44:36 - [INFO]: applying canny edge algorithm to cvimage
2018-04-25 22:44:36 - [INFO]: showing cvimage preview
2018-04-25 22:44:38 - [INFO]: getting cvimage histogram
2018-04-25 22:50:53 - [INFO]: Logging setup for D:\workspace\RCScv\python\util\..\log\RCScv.log
2018-04-25 22:50:53 - [INFO]: RCScv: Beginning Main
2018-04-25 22:50:53 - [INFO]: loading image from path ..\resources\Melee1.png
2018-04-25 22:50:53 - [INFO]: cropping cvimage to follcalcHist([img], [0], None, [256], [0, 256])owing specs [top 355, bottom 390, left 10, right 140]
2018-04-25 22:50:53 - [INFO]: applying greyscale to cvimage
2018-04-25 22:50:53 - [INFO]: applying canny edge algorithm to cvimage
2018-04-25 22:50:53 - [INFO]: showing cvimage preview
2018-04-25 22:50:54 - [INFO]: getting cvimage histogram
2018-04-25 22:50:54 - [INFO]: loading image from path ..\resources\Melee1.png
2018-04-25 22:50:54 - [INFO]: cropping cvimage to follcalcHist([img], [0], None, [256], [0, 256])owing specs [top 355, bottom 390, left 155, right 245]
2018-04-25 22:50:54 - [INFO]: applying greyscale to cvimage
2018-04-25 22:50:54 - [INFO]: applying canny edge algorithm to cvimage
2018-04-25 22:50:54 - [INFO]: showing cvimage preview
2018-04-25 22:53:33 - [INFO]: getting cvimage histogram
2018-04-25 23:02:30 - [INFO]: Logging setup for D:\workspace\RCScv\python\util\..\log\RCScv.log
2018-04-25 23:02:52 - [INFO]: Logging setup for D:\workspace\RCScv\python\util\..\log\RCScv.log
2018-04-25 23:03:19 - [INFO]: Logging setup for d:\workspace\RCScv\python\util\..\log\RCScv.log
2018-04-25 23:04:30 - [INFO]: Logging setup for d:\workspace\RCScv\python\util\..\log\RCScv.log
2018-04-25 23:04:41 - [INFO]: Logging setup for d:\workspace\RCScv\python\util\..\log\RCScv.log
2018-04-25 23:04:56 - [INFO]: RCScv: Beginning Main
2018-04-25 23:04:56 - [INFO]: loading image from path d:\workspace\RCScv\python\..\resources\Melee1.png
2018-04-25 23:04:56 - [INFO]: cropping cvimage to follcalcHist([img], [0], None, [256], [0, 256])owing specs [top 355, bottom 390, left 10, right 140]
2018-04-25 23:04:56 - [INFO]: applying greyscale to cvimage
2018-04-25 23:04:56 - [INFO]: applying canny edge algorithm to cvimage
2018-04-25 23:04:56 - [INFO]: showing cvimage preview
2018-04-25 23:05:13 - [INFO]: Logging setup for d:\workspace\RCScv\python\util\..\log\RCScv.log
2018-04-25 23:06:48 - [INFO]: Logging setup for d:\workspace\RCScv\python\util\..\log\RCScv.log
2018-04-25 23:07:06 - [INFO]: Logging setup for D:\workspace\RCScv\python\util\..\log\RCScv.log
2018-04-25 23:07:06 - [INFO]: RCScv: Beginning Main
2018-04-25 23:07:06 - [INFO]: loading image from path ..\resources\Melee1.png
2018-04-25 23:07:19 - [INFO]: Logging setup for d:\workspace\RCScv\python\util\..\log\RCScv.log
2018-04-25 23:07:21 - [INFO]: RCScv: Beginning Main
2018-04-25 23:07:21 - [INFO]: loading image from path d:\workspace\RCScv\python\..\resources\Melee1.png
2018-04-25 23:07:28 - [INFO]: Logging setup for d:\workspace\RCScv\python\util\..\log\RCScv.log
2018-04-25 23:07:31 - [INFO]: RCScv: Beginning Main
2018-04-25 23:07:31 - [INFO]: loading image from path d:\workspace\RCScv\python\..\resources\Melee1.png
2018-04-25 23:09:40 - [INFO]: Logging setup for d:\workspace\RCScv\python\util\..\log\RCScv.log
2018-04-25 23:09:40 - [INFO]: RCScv: Beginning Main
2018-04-25 23:09:40 - [INFO]: loading image from path ..\resources\Melee1.png
2018-04-25 23:09:40 - [INFO]: cropping cvimage to follcalcHist([img], [0], None, [256], [0, 256])owing specs [top 355, bottom 390, left 10, right 140]
2018-04-25 23:10:08 - [INFO]: Logging setup for d:\workspace\RCScv\python\util\..\log\RCScv.log
2018-04-25 23:10:08 - [INFO]: RCScv: Beginning Main
2018-04-25 23:10:08 - [INFO]: loading image from path d:\workspace\RCScv\python\..\resources\Melee1.png
2018-04-25 23:10:55 - [INFO]: Logging setup for d:\workspace\RCScv\python\util\..\log\RCScv.log
2018-04-25 23:10:55 - [INFO]: RCScv: Beginning Main
2018-04-25 23:10:55 - [INFO]: loading image from path d:\workspace\RCScv\python\..\resources\Melee1.png
2018-04-25 23:10:58 - [INFO]: cropping cvimage to follcalcHist([img], [0], None, [256], [0, 256])owing specs [top 355, bottom 390, left 10, right 140]
2018-04-25 23:10:58 - [INFO]: applying greyscale to cvimage
2018-04-25 23:10:58 - [INFO]: applying canny edge algorithm to cvimage
2018-04-25 23:10:58 - [INFO]: showing cvimage preview
2018-04-25 23:11:00 - [INFO]: getting cvimage histogram
2018-04-25 23:11:00 - [INFO]: loading image from path d:\workspace\RCScv\python\..\resources\Melee1.png
2018-04-25 23:11:00 - [INFO]: cropping cvimage to follcalcHist([img], [0], None, [256], [0, 256])owing specs [top 355, bottom 390, left 155, right 245]
2018-04-25 23:11:00 - [INFO]: applying greyscale to cvimage
2018-04-25 23:11:00 - [INFO]: applying canny edge algorithm to cvimage
2018-04-25 23:11:00 - [INFO]: showing cvimage preview
2018-04-25 23:11:01 - [INFO]: getting cvimage histogram
2018-04-25 23:15:56 - [INFO]: Logging setup for D:\workspace\RCScv\python\util\..\log\RCScv.log
2018-04-25 23:15:56 - [INFO]: RCScv: Beginning Main
2018-04-25 23:16:40 - [INFO]: Logging setup for D:\workspace\RCScv\python\util\..\log\RCScv.log
2018-04-25 23:16:40 - [INFO]: RCScv: Beginning Main
2018-04-25 23:16:40 - [INFO]: loading image from path ..\resources\Melee1.png
2018-04-25 23:16:40 - [INFO]: cropping cvimage to follcalcHist([img], [0], None, [256], [0, 256])owing specs [top 355, bottom 390, left 10, right 140]
2018-04-25 23:16:40 - [INFO]: applying greyscale to cvimage
2018-04-25 23:16:40 - [INFO]: applying canny edge algorithm to cvimage
2018-04-25 23:16:40 - [INFO]: showing cvimage preview
2018-04-25 23:16:41 - [INFO]: getting cvimage histogram
2018-04-25 23:16:41 - [INFO]: loading image from path ..\resources\Melee1.png
2018-04-25 23:16:41 - [INFO]: cropping cvimage to follcalcHist([img], [0], None, [256], [0, 256])owing specs [top 355, bottom 390, left 155, right 245]
2018-04-25 23:16:41 - [INFO]: applying greyscale to cvimage
2018-04-25 23:16:41 - [INFO]: applying canny edge algorithm to cvimage
2018-04-25 23:16:41 - [INFO]: showing cvimage preview
2018-04-25 23:16:42 - [INFO]: getting cvimage histogram
2018-04-25 23:18:10 - [INFO]: Logging setup for D:\workspace\RCScv\python\util\..\log\RCScv.log
2018-04-25 23:18:10 - [INFO]: RCScv: Beginning Main
2018-04-25 23:18:10 - [INFO]: loading image from path ..\resources\Melee1.png
2018-04-25 23:18:10 - [INFO]: cropping cvimage to follcalcHist([img], [0], None, [256], [0, 256])owing specs [top 355, bottom 390, left 10, right 140]
2018-04-25 23:18:10 - [INFO]: applying greyscale to cvimage
2018-04-25 23:18:10 - [INFO]: applying canny edge algorithm to cvimage
2018-04-25 23:18:10 - [INFO]: showing cvimage preview
2018-04-25 23:18:11 - [INFO]: getting cvimage histogram
2018-04-25 23:18:11 - [INFO]: loading image from path ..\resources\Melee1.png
2018-04-25 23:18:11 - [INFO]: cropping cvimage to follcalcHist([img], [0], None, [256], [0, 256])owing specs [top 355, bottom 390, left 155, right 245]
2018-04-25 23:18:11 - [INFO]: applying greyscale to cvimage
2018-04-25 23:18:11 - [INFO]: applying canny edge algorithm to cvimage
2018-04-25 23:18:11 - [INFO]: showing cvimage preview
2018-04-25 23:18:12 - [INFO]: getting cvimage histogram
2018-04-25 23:25:01 - [INFO]: Logging setup for D:\workspace\RCScv\python\util\..\log\RCScv.log
2018-04-25 23:25:01 - [INFO]: RCScv: Beginning Main
2018-04-25 23:25:01 - [INFO]: loading image from path ..\resources\Melee3.jpg
2018-04-25 23:25:01 - [INFO]: cropping cvimage to follcalcHist([img], [0], None, [256], [0, 256])owing specs [top 355, bottom 390, left 10, right 140]
2018-04-25 23:25:01 - [INFO]: applying greyscale to cvimage
2018-04-25 23:25:01 - [INFO]: applying canny edge algorithm to cvimage
2018-04-25 23:25:01 - [INFO]: showing cvimage preview
2018-04-25 23:25:02 - [INFO]: getting cvimage histogram
2018-04-25 23:25:02 - [INFO]: loading image from path ..\resources\Melee3.jpg
2018-04-25 23:25:02 - [INFO]: cropping cvimage to follcalcHist([img], [0], None, [256], [0, 256])owing specs [top 355, bottom 390, left 155, right 245]
2018-04-25 23:25:02 - [INFO]: applying greyscale to cvimage
2018-04-25 23:25:02 - [INFO]: applying canny edge algorithm to cvimage
2018-04-25 23:25:02 - [INFO]: showing cvimage preview
2018-04-25 23:25:03 - [INFO]: getting cvimage histogram
2018-04-25 23:25:03 - [INFO]: loading image from path ..\resources\Melee3.jpg
2018-04-25 23:25:03 - [INFO]: cropping cvimage to follcalcHist([img], [0], None, [256], [0, 256])owing specs [top 355, bottom 390, left 290, right 405]
2018-04-25 23:25:03 - [INFO]: applying greyscale to cvimage
2018-04-25 23:25:03 - [INFO]: applying canny edge algorithm to cvimage
2018-04-25 23:25:03 - [INFO]: showing cvimage preview
2018-04-25 23:25:07 - [INFO]: getting cvimage histogram
2018-04-25 23:25:07 - [INFO]: loading image from path ..\resources\Melee3.jpg
2018-04-25 23:25:07 - [INFO]: cropping cvimage to follcalcHist([img], [0], None, [256], [0, 256])owing specs [top 355, bottom 390, left 430, right 520]
2018-04-25 23:25:26 - [INFO]: Logging setup for D:\workspace\RCScv\python\util\..\log\RCScv.log
2018-04-25 23:25:26 - [INFO]: RCScv: Beginning Main
2018-04-25 23:25:26 - [INFO]: loading image from path ..\resources\Melee3.jpg
2018-04-25 23:25:26 - [INFO]: cropping cvimage to follcalcHist([img], [0], None, [256], [0, 256])owing specs [top 355, bottom 390, left 10, right 140]
2018-04-25 23:25:26 - [INFO]: applying greyscale to cvimage
2018-04-25 23:25:26 - [INFO]: applying canny edge algorithm to cvimage
2018-04-25 23:25:26 - [INFO]: showing cvimage preview
2018-04-25 23:25:26 - [INFO]: getting cvimage histogram
2018-04-25 23:25:26 - [INFO]: loading image from path ..\resources\Melee3.jpg
2018-04-25 23:25:26 - [INFO]: cropping cvimage to follcalcHist([img], [0], None, [256], [0, 256])owing specs [top 355, bottom 390, left 155, right 245]
2018-04-25 23:25:26 - [INFO]: applying greyscale to cvimage
2018-04-25 23:25:26 - [INFO]: applying canny edge algorithm to cvimage
2018-04-25 23:25:26 - [INFO]: showing cvimage preview
2018-04-25 23:25:27 - [INFO]: getting cvimage histogram
2018-04-25 23:25:27 - [INFO]: loading image from path ..\resources\Melee3.jpg
2018-04-25 23:25:27 - [INFO]: cropping cvimage to follcalcHist([img], [0], None, [256], [0, 256])owing specs [top 355, bottom 390, left 290, right 405]
2018-04-25 23:25:27 - [INFO]: applying greyscale to cvimage
2018-04-25 23:25:27 - [INFO]: applying canny edge algorithm to cvimage
2018-04-25 23:25:27 - [INFO]: showing cvimage preview
2018-04-25 23:25:28 - [INFO]: getting cvimage histogram
2018-04-25 23:25:28 - [INFO]: loading image from path ..\resources\Melee3.jpg
2018-04-25 23:25:28 - [INFO]: cropping cvimage to follcalcHist([img], [0], None, [256], [0, 256])owing specs [top 355, bottom 390, left 430, right 520]
2018-04-25 23:25:28 - [INFO]: applying greyscale to cvimage
2018-04-25 23:25:28 - [INFO]: applying canny edge algorithm to cvimage
2018-04-25 23:25:28 - [INFO]: showing cvimage preview
2018-04-25 23:25:31 - [INFO]: getting cvimage histogram
2018-04-25 23:27:01 - [INFO]: Logging setup for d:\workspace\RCScv\python\util\..\log\RCScv.log
2018-04-25 23:27:01 - [INFO]: RCScv: Beginning Main
2018-04-25 23:27:14 - [INFO]: Logging setup for D:\workspace\RCScv\python\util\..\log\RCScv.log
2018-04-25 23:27:14 - [INFO]: RCScv: Beginning Main
2018-04-25 23:27:14 - [INFO]: loading image from path ..\resources\Melee4.jpg
2018-04-25 23:27:14 - [INFO]: cropping cvimage to follcalcHist([img], [0], None, [256], [0, 256])owing specs [top 355, bottom 390, left 10, right 140]
2018-04-25 23:27:14 - [INFO]: applying greyscale to cvimage
2018-04-25 23:27:14 - [INFO]: applying canny edge algorithm to cvimage
2018-04-25 23:27:14 - [INFO]: showing cvimage preview
2018-04-25 23:27:15 - [INFO]: getting cvimage histogram
2018-04-25 23:27:15 - [INFO]: loading image from path ..\resources\Melee4.jpg
2018-04-25 23:27:15 - [INFO]: cropping cvimage to follcalcHist([img], [0], None, [256], [0, 256])owing specs [top 355, bottom 390, left 155, right 245]
2018-04-25 23:27:15 - [INFO]: applying greyscale to cvimage
2018-04-25 23:27:15 - [INFO]: applying canny edge algorithm to cvimage
2018-04-25 23:27:15 - [INFO]: showing cvimage preview
2018-04-25 23:27:16 - [INFO]: getting cvimage histogram
2018-04-25 23:27:16 - [INFO]: loading image from path ..\resources\Melee4.jpg
2018-04-25 23:27:16 - [INFO]: cropping cvimage to follcalcHist([img], [0], None, [256], [0, 256])owing specs [top 355, bottom 390, left 290, right 405]
2018-04-25 23:27:16 - [INFO]: applying greyscale to cvimage
2018-04-25 23:27:16 - [INFO]: applying canny edge algorithm to cvimage
2018-04-25 23:27:16 - [INFO]: showing cvimage preview
2018-04-25 23:27:16 - [INFO]: getting cvimage histogram
2018-04-25 23:27:16 - [INFO]: loading image from path ..\resources\Melee4.jpg
2018-04-25 23:27:16 - [INFO]: cropping cvimage to follcalcHist([img], [0], None, [256], [0, 256])owing specs [top 355, bottom 390, left 430, right 520]
2018-04-25 23:27:16 - [INFO]: applying greyscale to cvimage
2018-04-25 23:27:16 - [INFO]: applying canny edge algorithm to cvimage
2018-04-25 23:27:16 - [INFO]: showing cvimage preview
2018-04-25 23:27:17 - [INFO]: getting cvimage histogram
